[ 2016-12-20T13:32:38+08:00 ] ::1 /wwwroot/index.php?s=/admin/Cartoon/index.html
ERR: 无法加载控制器:Cartoon

[ 2016-12-20T13:32:48+08:00 ] ::1 /wwwroot/index.php?s=/admin/Cartoon/index.html
ERR: 无法加载控制器:Cartoon

[ 2016-12-20T13:33:16+08:00 ] ::1 /wwwroot/index.php?s=/admin/Cartoon/index.html
ERR: 无法加载控制器:Cartoon

[ 2016-12-20T13:33:17+08:00 ] ::1 /wwwroot/index.php?s=/admin/Cartoon/index.html
ERR: 无法加载控制器:Cartoon

[ 2016-12-20T13:35:13+08:00 ] ::1 /wwwroot/index.php?s=/admin/Action/Cartoon.html
ERR: 非法操作:cartoon

[ 2016-12-20T13:35:57+08:00 ] ::1 /wwwroot/index.php?s=/admin/Action/Cartoon.html
ERR: 非法操作:cartoon

[ 2016-12-20T13:35:57+08:00 ] ::1 /wwwroot/index.php?s=/admin/Action/Cartoon.html
ERR: 非法操作:cartoon

[ 2016-12-20T13:35:58+08:00 ] ::1 /wwwroot/index.php?s=/admin/Action/Cartoon.html
ERR: 非法操作:cartoon

[ 2016-12-20T13:35:58+08:00 ] ::1 /wwwroot/index.php?s=/admin/Action/Cartoon.html
ERR: 非法操作:cartoon

[ 2016-12-20T13:35:58+08:00 ] ::1 /wwwroot/index.php?s=/admin/Action/Cartoon.html
ERR: 非法操作:cartoon

[ 2016-12-20T13:36:27+08:00 ] ::1 /wwwroot/index.php?s=/admin/Cartoon/index
ERR: 无法加载控制器:Cartoon

[ 2016-12-20T13:38:04+08:00 ] ::1 /wwwroot/index.php?s=/admin/Category/test
ERR: 模板不存在:./Application/Admin/View/Category/test.html

[ 2016-12-20T13:39:27+08:00 ] ::1 /wwwroot/index.php?s=/admin/cartonn/index
ERR: 无法加载控制器:Cartonn

[ 2016-12-20T13:39:34+08:00 ] ::1 /wwwroot/index.php?s=/admin/carto0n/index
ERR: 无法加载控制器:Carto0n

